Tue May 05 14:05:02 EDT 2020
Package: package_1587305308869.awf
Install
Write Revision: 13832
----------------Plugins----------------
----------------Extensions----------------
----------------Direct Files----------------
----------------Core Files----------------
   tools/mac/ffmpeg_10.10+/LICENSE.txt
   tools/mac/ffmpeg_10.10+/README.txt
   tools/mac/ffmpeg_10.10+/ffmpeg
   tools/mac/ffmpeg_10.10+/ffmpeg.info
   tools/mac/ffmpeg_10.10+/ffplay
   tools/mac/ffmpeg_10.10+/ffprobe
   tools/mac/ffmpeg_10.10+/libavcodec.58.dylib
   tools/mac/ffmpeg_10.10+/libavdevice.58.dylib
   tools/mac/ffmpeg_10.10+/libavfilter.7.dylib
   tools/mac/ffmpeg_10.10+/libavformat.58.dylib
   tools/mac/ffmpeg_10.10+/libavutil.56.dylib
   tools/mac/ffmpeg_10.10+/libpostproc.55.dylib
   tools/mac/ffmpeg_10.10+/libswresample.3.dylib
   tools/mac/ffmpeg_10.10+/libswscale.5.dylib
Package: package_1588701896244.awf
Install
Write Revision: 13899
----------------Plugins----------------
   jd/plugins/decrypter/Ardmediathek.class
   jd/plugins/decrypter/ChoMikujPl.class
   jd/plugins/decrypter/ClictuneCom.class
   jd/plugins/decrypter/DlPrteCom.class
   jd/plugins/decrypter/FfetishPhotos.class
   jd/plugins/decrypter/FolderWatchURL.class
   jd/plugins/decrypter/GenericWBoardDecrypter$1.class
   jd/plugins/decrypter/GenericWBoardDecrypter.class
   jd/plugins/decrypter/GoogleDriveDirectoryIndex.class
   jd/plugins/decrypter/HqpornerCom.class
   jd/plugins/decrypter/ImgurCom.class.removed
   jd/plugins/decrypter/ImgurComGallery.class
   jd/plugins/decrypter/InstaGramComDecrypter.class
   jd/plugins/decrypter/IwaraTv.class
   jd/plugins/decrypter/LinksSafetyCom.class
   jd/plugins/decrypter/LinkvertiseCom.class.removed
   jd/plugins/decrypter/LiveMistapesComDecrypter.class.removed
   jd/plugins/decrypter/LiveMixtapesComDecrypter.class
   jd/plugins/decrypter/MegatvComDecrypter$1.class
   jd/plugins/decrypter/MegatvComDecrypter.class
   jd/plugins/decrypter/MightyScriptAdLinkFly$1.class
   jd/plugins/decrypter/MightyScriptAdLinkFly$CaptchaType.class
   jd/plugins/decrypter/MightyScriptAdLinkFly.class
   jd/plugins/decrypter/MirroredTo.class
   jd/plugins/decrypter/MixCloudCom.class
   jd/plugins/decrypter/NarodRuDecrypter.class.removed
   jd/plugins/decrypter/NwLbmRlsesNet.class
   jd/plugins/decrypter/OdriveCom.class
   jd/plugins/decrypter/OnecloudMediaFolder.class.removed
   jd/plugins/decrypter/PanBaiduCom.class
   jd/plugins/decrypter/ParelliSavvyClubComDecrypter.class.removed
   jd/plugins/decrypter/PixivNetGallery.class
   jd/plugins/decrypter/PixivNetSketch.class
   jd/plugins/decrypter/PluralsightComDecrypter.class
   jd/plugins/decrypter/PornCom.class
   jd/plugins/decrypter/PornHubCom.class
   jd/plugins/decrypter/PornportalComCrawler.class
   jd/plugins/decrypter/PrnHstComFldr.class
   jd/plugins/decrypter/PururinUs.class.removed
   jd/plugins/decrypter/RlGalleriesNt.class
   jd/plugins/decrypter/SerienStreamTo$1.class
   jd/plugins/decrypter/StreamTo$1.class
   jd/plugins/decrypter/StreamTo$2.class
   jd/plugins/decrypter/SxyprnCom.class
   jd/plugins/decrypter/TwitchTvDecrypt.class
   jd/plugins/decrypter/VKontakteRu.class
   jd/plugins/decrypter/VimeoComDecrypter$1.class
   jd/plugins/decrypter/VimeoComDecrypter.class
   jd/plugins/decrypter/VivaTvDecrypt.class
   jd/plugins/decrypter/XvideosComProfile.class
   jd/plugins/hoster/AllDebridCom$1.class
   jd/plugins/hoster/AllDebridCom.class
   jd/plugins/hoster/BaixarPremiumNet.class
   jd/plugins/hoster/BandCampCom.class
   jd/plugins/hoster/ChoMikujPl$1.class
   jd/plugins/hoster/ChoMikujPl.class
   jd/plugins/hoster/CloudMailRu.class
   jd/plugins/hoster/DdlTo.class
   jd/plugins/hoster/DeepbridCom.class
   jd/plugins/hoster/DeimosClick.class
   jd/plugins/hoster/DirectHTTP.class
   jd/plugins/hoster/DopeRomsCom.class.removed
   jd/plugins/hoster/Earn4filesCom.class
   jd/plugins/hoster/EasyBytezCom.class
   jd/plugins/hoster/EasyloadIo.class
   jd/plugins/hoster/EvilAngelCom.class
   jd/plugins/hoster/FileAl.class
   jd/plugins/hoster/FileBitPl.class
   jd/plugins/hoster/FileJokerNet.class
   jd/plugins/hoster/FilemiaCo.class
   jd/plugins/hoster/FilenextCom.class
   jd/plugins/hoster/FilerNet.class
   jd/plugins/hoster/FlashfilesCom.class
   jd/plugins/hoster/FlickrCom.class
   jd/plugins/hoster/FtmboxTop.class
   jd/plugins/hoster/GoogleDrive.class
   jd/plugins/hoster/HostUjeNet.class
   jd/plugins/hoster/HqqTv$1.class
   jd/plugins/hoster/IcerboxBiz.class
   jd/plugins/hoster/ImgUrCom$1.class.removed
   jd/plugins/hoster/ImgUrCom$2.class.removed
   jd/plugins/hoster/ImgUrCom$3.class.removed
   jd/plugins/hoster/ImgUrCom$TYPE.class.removed
   jd/plugins/hoster/ImgUrCom.class.removed
   jd/plugins/hoster/ImgurComHoster$1.class
   jd/plugins/hoster/ImgurComHoster$2.class
   jd/plugins/hoster/ImgurComHoster$3.class
   jd/plugins/hoster/ImgurComHoster$4.class
   jd/plugins/hoster/ImgurComHoster$TYPE.class
   jd/plugins/hoster/ImgurComHoster.class
   jd/plugins/hoster/ImxTo.class
   jd/plugins/hoster/IsraCloud.class
   jd/plugins/hoster/IwaraTv.class
   jd/plugins/hoster/JetloadNet$1.class
   jd/plugins/hoster/JetloadNet.class
   jd/plugins/hoster/K2SApi$1.class
   jd/plugins/hoster/K2SApi$2.class
   jd/plugins/hoster/K2SApi$CAPTCHA.class
   jd/plugins/hoster/K2SApi.class
   jd/plugins/hoster/KTo.class.removed
   jd/plugins/hoster/KatfileCom.class
   jd/plugins/hoster/Keep2ShareCc.class
   jd/plugins/hoster/KernelVideoSharingCom.class
   jd/plugins/hoster/LibGenInfo.class
   jd/plugins/hoster/LiveMixTapesCom.class
   jd/plugins/hoster/LunaticFilesCom.class
   jd/plugins/hoster/MegaloadTo.class
   jd/plugins/hoster/MegarapidoNet.class
   jd/plugins/hoster/MegatvCom.class
   jd/plugins/hoster/MexashareCom.class
   jd/plugins/hoster/MixCloudCom.class
   jd/plugins/hoster/MixdropCo$1.class
   jd/plugins/hoster/MixdropCo.class
   jd/plugins/hoster/ModTheSimsInfo.class
   jd/plugins/hoster/MovikiRu.class.removed
   jd/plugins/hoster/MyMailRu$1.class
   jd/plugins/hoster/MyMailRu.class
   jd/plugins/hoster/MyStreamTo.class
   jd/plugins/hoster/NarodRu.class.removed
   jd/plugins/hoster/NicoVideoJp.class
   jd/plugins/hoster/NitroBitNet.class.removed
   jd/plugins/hoster/OdriveCom.class
   jd/plugins/hoster/Offline.class
   jd/plugins/hoster/OnecloudMedia.class.removed
   jd/plugins/hoster/ParelliSavvyClubCom.class.removed
   jd/plugins/hoster/PeekVidsCom.class
   jd/plugins/hoster/PhotobucketCom.class
   jd/plugins/hoster/PixaBayCom.class
   jd/plugins/hoster/PixhstCom.class.removed
   jd/plugins/hoster/PixivNet$1.class
   jd/plugins/hoster/PixivNet$2.class
   jd/plugins/hoster/PixivNet$3.class
   jd/plugins/hoster/PixivNet$4.class
   jd/plugins/hoster/PixivNet.class
   jd/plugins/hoster/PluralsightCom.class
   jd/plugins/hoster/PornHostCom.class
   jd/plugins/hoster/PornHubCom$BouncyCastleAESCounterModeDecrypt.class
   jd/plugins/hoster/PornHubCom.class
   jd/plugins/hoster/PornhdCom.class
   jd/plugins/hoster/PornportalCom$1.class
   jd/plugins/hoster/PornportalCom.class
   jd/plugins/hoster/PremiumTo$1.class
   jd/plugins/hoster/PremiumTo$2.class
   jd/plugins/hoster/PremiumTo$PremiumDotToConfigInterface$Translation.class
   jd/plugins/hoster/PremiumTo$PremiumDotToConfigInterface.class
   jd/plugins/hoster/PremiumTo.class
   jd/plugins/hoster/PururinUs.class.removed
   jd/plugins/hoster/RPNetBiz$1.class
   jd/plugins/hoster/RPNetBiz.class
   jd/plugins/hoster/RapidekPl.class
   jd/plugins/hoster/RapidoxPl.class
   jd/plugins/hoster/RapidsPl$1.class
   jd/plugins/hoster/RapidsPl.class
   jd/plugins/hoster/RayFileCom$1.class.removed
   jd/plugins/hoster/RayFileCom.class.removed
   jd/plugins/hoster/RealDebridCom$1.class
   jd/plugins/hoster/RealDebridCom$2.class
   jd/plugins/hoster/RealDebridCom$3.class
   jd/plugins/hoster/RealDebridCom$4.class
   jd/plugins/hoster/RealDebridCom$5.class
   jd/plugins/hoster/RealDebridCom$6.class
   jd/plugins/hoster/RealDebridCom$7.class
   jd/plugins/hoster/RealDebridCom$8.class
   jd/plugins/hoster/RealDebridCom.class
   jd/plugins/hoster/SecufilesCom.class
   jd/plugins/hoster/SimpleTubes.class
   jd/plugins/hoster/SimpleTubes1.class.removed
   jd/plugins/hoster/StahomatCzSuperloadCz.class
   jd/plugins/hoster/StreamcloudTv.class
   jd/plugins/hoster/StreamtapeCom.class
   jd/plugins/hoster/SxyprnCom.class
   jd/plugins/hoster/SyncsOnline.class
   jd/plugins/hoster/TiktokCom.class
   jd/plugins/hoster/TvnowDe$1.class
   jd/plugins/hoster/TvnowDe.class
   jd/plugins/hoster/TwitchTv$1.class
   jd/plugins/hoster/TwitchTv.class
   jd/plugins/hoster/UpToBoxCom$1.class
   jd/plugins/hoster/UpToBoxCom$UptoboxAccountFactory$1.class
   jd/plugins/hoster/UpToBoxCom$UptoboxAccountFactory.class
   jd/plugins/hoster/UpToBoxCom.class
   jd/plugins/hoster/VKontakteRuHoster.class
   jd/plugins/hoster/VevIo$1.class
   jd/plugins/hoster/VevIo.class
   jd/plugins/hoster/VidtodoCom.class
   jd/plugins/hoster/VikiCom.class
   jd/plugins/hoster/VimeoCom$1.class
   jd/plugins/hoster/VimeoCom$VIMEO_URL_TYPE.class
   jd/plugins/hoster/VimeoCom$WrongRefererException.class
   jd/plugins/hoster/VimeoCom.class
   jd/plugins/hoster/VivaTv$1.class
   jd/plugins/hoster/VivaTv$2.class
   jd/plugins/hoster/VivaTv$3.class
   jd/plugins/hoster/VivaTv$4.class
   jd/plugins/hoster/VivaTv$5.class
   jd/plugins/hoster/VivaTv.class
   jd/plugins/hoster/WidoolCom.class
   jd/plugins/hoster/WupfileCom.class
   jd/plugins/hoster/XHamsterCom$1.class
   jd/plugins/hoster/XHamsterCom.class
   jd/plugins/hoster/XvideosCom.class
----------------Extensions----------------
----------------Direct Files----------------
   build.json
   translations/org/appwork/utils/locale/AWUTranslation.bs.lng
   translations/org/jdownloader/gui/translate/GuiTranslation.bs.lng
----------------Core Files----------------
   Core.jar
   JD: Core.jar/jd/controlling/downloadcontroller/HistoryEntry$1.class
   JD: Core.jar/jd/controlling/downloadcontroller/HistoryEntry.class
   JD: Core.jar/jd/controlling/downloadcontroller/SingleDownloadController$1.class
   JD: Core.jar/jd/controlling/downloadcontroller/SingleDownloadController$2$1.class
   JD: Core.jar/jd/controlling/downloadcontroller/SingleDownloadController$2.class
   JD: Core.jar/jd/controlling/downloadcontroller/SingleDownloadController$3.class
   JD: Core.jar/jd/controlling/downloadcontroller/SingleDownloadController$4.class
   JD: Core.jar/jd/controlling/downloadcontroller/SingleDownloadController$WaitingQueueItem.class
   JD: Core.jar/jd/controlling/downloadcontroller/SingleDownloadController.class
   JD: Core.jar/jd/controlling/linkcrawler/LinkCrawler$10.class
   JD: Core.jar/jd/controlling/linkcrawler/LinkCrawler$11.class
   JD: Core.jar/jd/controlling/linkcrawler/LinkCrawler$12.class
   JD: Core.jar/jd/controlling/linkcrawler/LinkCrawler$13.class
   JD: Core.jar/jd/controlling/linkcrawler/LinkCrawler$14.class
   JD: Core.jar/jd/controlling/linkcrawler/LinkCrawler$15.class
   JD: Core.jar/jd/controlling/linkcrawler/LinkCrawler$16.class
   JD: Core.jar/jd/controlling/linkcrawler/LinkCrawler$17.class
   JD: Core.jar/jd/controlling/linkcrawler/LinkCrawler$18.class
   JD: Core.jar/jd/controlling/linkcrawler/LinkCrawler$19.class
   JD: Core.jar/jd/controlling/linkcrawler/LinkCrawler$20.class
   JD: Core.jar/jd/controlling/linkcrawler/LinkCrawler$21.class
   JD: Core.jar/jd/controlling/linkcrawler/LinkCrawler$22.class
   JD: Core.jar/jd/controlling/linkcrawler/LinkCrawler$23.class
   JD: Core.jar/jd/controlling/linkcrawler/LinkCrawler$24.class
   JD: Core.jar/jd/controlling/linkcrawler/LinkCrawler$25$1.class
   JD: Core.jar/jd/controlling/linkcrawler/LinkCrawler$25.class
   JD: Core.jar/jd/controlling/linkcrawler/LinkCrawler$26$1.class
   JD: Core.jar/jd/controlling/linkcrawler/LinkCrawler$26.class
   JD: Core.jar/jd/controlling/linkcrawler/LinkCrawler$27.class
   JD: Core.jar/jd/controlling/linkcrawler/LinkCrawler$28.class
   JD: Core.jar/jd/controlling/linkcrawler/LinkCrawler$29.class
   JD: Core.jar/jd/controlling/linkcrawler/LinkCrawler$30.class
   JD: Core.jar/jd/controlling/linkcrawler/LinkCrawler$9.class
   JD: Core.jar/jd/controlling/linkcrawler/LinkCrawler.class
   JD: Core.jar/jd/controlling/proxy/AbstractProxySelectorImpl$Type.class
   JD: Core.jar/jd/controlling/proxy/AbstractProxySelectorImpl.class
   JD: Core.jar/jd/controlling/proxy/ProxyController$10.class
   JD: Core.jar/jd/controlling/proxy/ProxyController$11.class
   JD: Core.jar/jd/controlling/proxy/ProxyController$12.class
   JD: Core.jar/jd/controlling/proxy/ProxyController$13.class
   JD: Core.jar/jd/controlling/proxy/ProxyController$14.class
   JD: Core.jar/jd/controlling/proxy/ProxyController$15.class
   JD: Core.jar/jd/controlling/proxy/ProxyController$16.class
   JD: Core.jar/jd/controlling/proxy/ProxyController$17.class
   JD: Core.jar/jd/controlling/proxy/ProxyController$18.class
   JD: Core.jar/jd/controlling/proxy/ProxyController$19.class
   JD: Core.jar/jd/controlling/proxy/ProxyController$2.class
   JD: Core.jar/jd/controlling/proxy/ProxyController$20.class
   JD: Core.jar/jd/controlling/proxy/ProxyController$3.class
   JD: Core.jar/jd/controlling/proxy/ProxyController$4.class
   JD: Core.jar/jd/controlling/proxy/ProxyController$5.class
   JD: Core.jar/jd/controlling/proxy/ProxyController$6.class
   JD: Core.jar/jd/controlling/proxy/ProxyController$7$1.class
   JD: Core.jar/jd/controlling/proxy/ProxyController$7.class
   JD: Core.jar/jd/controlling/proxy/ProxyController$8.class
   JD: Core.jar/jd/controlling/proxy/ProxyController$9.class
   JD: Core.jar/jd/controlling/proxy/ProxyController$SelectedProxyLock.class
   JD: Core.jar/jd/controlling/proxy/ProxyController.class
   JD: Core.jar/jd/controlling/proxy/SingleBasicProxySelectorImpl$1.class
   JD: Core.jar/jd/controlling/proxy/SingleBasicProxySelectorImpl.class
   JD: Core.jar/jd/parser/html/HTMLParser$HexHtmlParserCharSequence.class
   JD: Core.jar/jd/parser/html/HTMLParser.class
   JD: Core.jar/jd/plugins/Account$AccountType$1.class
   JD: Core.jar/jd/plugins/Account$AccountType$2.class
   JD: Core.jar/jd/plugins/Account$AccountType$3.class
   JD: Core.jar/jd/plugins/Account$AccountType$4.class
   JD: Core.jar/jd/plugins/Account$AccountType.class
   JD: Core.jar/jd/plugins/Account.class
   JD: Core.jar/jd/plugins/DownloadLink$1.class
   JD: Core.jar/jd/plugins/DownloadLink$2.class
   JD: Core.jar/jd/plugins/DownloadLink$3.class
   JD: Core.jar/jd/plugins/DownloadLink$4.class
   JD: Core.jar/jd/plugins/DownloadLink$5.class
   JD: Core.jar/jd/plugins/DownloadLink.class
   JD: Core.jar/jd/plugins/PluginConfigPanelNG$10.class
   JD: Core.jar/jd/plugins/PluginConfigPanelNG$7.class
   JD: Core.jar/jd/plugins/PluginConfigPanelNG$8.class
   JD: Core.jar/jd/plugins/PluginConfigPanelNG$9.class
   JD: Core.jar/jd/plugins/PluginConfigPanelNG.class
   JD: Core.jar/jd/plugins/PluginForHost$1.class
   JD: Core.jar/jd/plugins/PluginForHost$10$1.class
   JD: Core.jar/jd/plugins/PluginForHost$10$2.class
   JD: Core.jar/jd/plugins/PluginForHost$10.class
   JD: Core.jar/jd/plugins/PluginForHost$11.class
   JD: Core.jar/jd/plugins/PluginForHost$12.class
   JD: Core.jar/jd/plugins/PluginForHost$2.class
   JD: Core.jar/jd/plugins/PluginForHost$3.class
   JD: Core.jar/jd/plugins/PluginForHost$4.class
   JD: Core.jar/jd/plugins/PluginForHost$5$1$1.class
   JD: Core.jar/jd/plugins/PluginForHost$5$1.class
   JD: Core.jar/jd/plugins/PluginForHost$5.class
   JD: Core.jar/jd/plugins/PluginForHost$6$1.class
   JD: Core.jar/jd/plugins/PluginForHost$6$2$1.class
   JD: Core.jar/jd/plugins/PluginForHost$6$2$2.class
   JD: Core.jar/jd/plugins/PluginForHost$6$2.class
   JD: Core.jar/jd/plugins/PluginForHost$6.class
   JD: Core.jar/jd/plugins/PluginForHost$7.class
   JD: Core.jar/jd/plugins/PluginForHost$8.class
   JD: Core.jar/jd/plugins/PluginForHost$9.class
   JD: Core.jar/jd/plugins/PluginForHost$FilePair.class
   JD: Core.jar/jd/plugins/PluginForHost.class
   JD: Core.jar/jd/plugins/download/raf/OldRAFDownload$1.class
   JD: Core.jar/jd/plugins/download/raf/OldRAFDownload.class
   JD: Core.jar/org/jdownloader/captcha/v2/challenge/recaptcha/v2/AbstractCaptchaHelperRecaptchaV2$1.class.removed
   JD: Core.jar/org/jdownloader/captcha/v2/challenge/recaptcha/v2/AbstractCaptchaHelperRecaptchaV2$TYPE.class.removed
   JD: Core.jar/org/jdownloader/captcha/v2/challenge/recaptcha/v2/AbstractCaptchaHelperRecaptchaV2.class.removed
   JD: Core.jar/org/jdownloader/captcha/v2/challenge/recaptcha/v2/AbstractRecaptchaV2$1.class
   JD: Core.jar/org/jdownloader/captcha/v2/challenge/recaptcha/v2/AbstractRecaptchaV2$TYPE.class
   JD: Core.jar/org/jdownloader/captcha/v2/challenge/recaptcha/v2/AbstractRecaptchaV2.class
   JD: Core.jar/org/jdownloader/captcha/v2/challenge/recaptcha/v2/CaptchaHelperCrawlerPluginRecaptchaV2.class
   JD: Core.jar/org/jdownloader/captcha/v2/challenge/recaptcha/v2/CaptchaHelperHostPluginRecaptchaV2.class
   JD: Core.jar/org/jdownloader/captcha/v2/challenge/recaptcha/v2/RecaptchaV2Challenge$1.class
   JD: Core.jar/org/jdownloader/captcha/v2/challenge/recaptcha/v2/RecaptchaV2Challenge$2.class
   JD: Core.jar/org/jdownloader/captcha/v2/challenge/recaptcha/v2/RecaptchaV2Challenge$3.class
   JD: Core.jar/org/jdownloader/captcha/v2/challenge/recaptcha/v2/RecaptchaV2Challenge$4.class
   JD: Core.jar/org/jdownloader/captcha/v2/challenge/recaptcha/v2/RecaptchaV2Challenge$5.class
   JD: Core.jar/org/jdownloader/captcha/v2/challenge/recaptcha/v2/RecaptchaV2Challenge$6.class
   JD: Core.jar/org/jdownloader/captcha/v2/challenge/recaptcha/v2/RecaptchaV2Challenge$7.class
   JD: Core.jar/org/jdownloader/captcha/v2/challenge/recaptcha/v2/RecaptchaV2Challenge$8.class
   JD: Core.jar/org/jdownloader/captcha/v2/challenge/recaptcha/v2/RecaptchaV2Challenge$9.class
   JD: Core.jar/org/jdownloader/captcha/v2/challenge/recaptcha/v2/RecaptchaV2Challenge$RecaptchaV2APIStorable.class
   JD: Core.jar/org/jdownloader/captcha/v2/challenge/recaptcha/v2/RecaptchaV2Challenge.class
   JD: Core.jar/org/jdownloader/captcha/v2/solver/service/BrowserSolverService.class
   JD: Core.jar/org/jdownloader/captcha/v2/solver/twocaptcha/TwoCaptchaSolver$1.class
   JD: Core.jar/org/jdownloader/captcha/v2/solver/twocaptcha/TwoCaptchaSolver$2.class
   JD: Core.jar/org/jdownloader/captcha/v2/solver/twocaptcha/TwoCaptchaSolver$3.class
   JD: Core.jar/org/jdownloader/captcha/v2/solver/twocaptcha/TwoCaptchaSolver$BalanceResponse.class
   JD: Core.jar/org/jdownloader/captcha/v2/solver/twocaptcha/TwoCaptchaSolver.class
   JD: Core.jar/org/jdownloader/gui/notify/gui/AbstractNotifyWindow$3.class
   JD: Core.jar/org/jdownloader/gui/notify/gui/AbstractNotifyWindow$4$1.class
   JD: Core.jar/org/jdownloader/gui/notify/gui/AbstractNotifyWindow$4.class
   JD: Core.jar/org/jdownloader/gui/notify/gui/AbstractNotifyWindow$5$1.class
   JD: Core.jar/org/jdownloader/gui/notify/gui/AbstractNotifyWindow$5.class
   JD: Core.jar/org/jdownloader/gui/notify/gui/AbstractNotifyWindow$6.class
   JD: Core.jar/org/jdownloader/gui/notify/gui/AbstractNotifyWindow$7.class
   JD: Core.jar/org/jdownloader/gui/notify/gui/AbstractNotifyWindow$8.class
   JD: Core.jar/org/jdownloader/gui/notify/gui/AbstractNotifyWindow$9.class
   JD: Core.jar/org/jdownloader/gui/notify/gui/AbstractNotifyWindow.class
   JD: Core.jar/org/jdownloader/gui/sponsor/BannerRotation$5$1.class
   JD: Core.jar/org/jdownloader/gui/sponsor/BannerRotation$5.class
   JD: Core.jar/org/jdownloader/gui/sponsor/BannerRotation$6.class
   JD: Core.jar/org/jdownloader/gui/sponsor/BannerRotation$7.class
   JD: Core.jar/org/jdownloader/gui/sponsor/BannerRotation.class
   JD: Core.jar/org/jdownloader/gui/toolbar/MenuManagerMainToolbar.class
   JD: Core.jar/org/jdownloader/gui/translate/GuiTranslation.class
   JD: Core.jar/org/jdownloader/gui/views/downloads/action/OpenInBrowserAction$1$1.class
   JD: Core.jar/org/jdownloader/gui/views/downloads/action/OpenInBrowserAction$1.class
   JD: Core.jar/org/jdownloader/gui/views/downloads/action/OpenInBrowserAction.class
   JD: Core.jar/org/jdownloader/gui/views/linkgrabber/contextmenu/OpenInBrowserAction$1$1.class
   JD: Core.jar/org/jdownloader/gui/views/linkgrabber/contextmenu/OpenInBrowserAction$1.class
   JD: Core.jar/org/jdownloader/gui/views/linkgrabber/contextmenu/OpenInBrowserAction.class
   JD: Core.jar/org/jdownloader/plugins/components/UnknownHostingScriptCore.class
   JD: Core.jar/org/jdownloader/plugins/components/XFileSharingProBasic$1.class
   JD: Core.jar/org/jdownloader/plugins/components/XFileSharingProBasic.class
   JD: Core.jar/org/jdownloader/plugins/components/XFileSharingProBasicSpecialFilejoker.class
   JD: Core.jar/org/jdownloader/plugins/components/YetiShareCore.class
   JD: Core.jar/org/jdownloader/plugins/components/config/GoogleConfig.class
   JD: Core.jar/org/jdownloader/plugins/components/config/MyMailRuConfig$1.class
   JD: Core.jar/org/jdownloader/plugins/components/config/MyMailRuConfig$PreferredQuality$1.class
   JD: Core.jar/org/jdownloader/plugins/components/config/MyMailRuConfig$PreferredQuality$2.class
   JD: Core.jar/org/jdownloader/plugins/components/config/MyMailRuConfig$PreferredQuality$3.class
   JD: Core.jar/org/jdownloader/plugins/components/config/MyMailRuConfig$PreferredQuality$4.class
   JD: Core.jar/org/jdownloader/plugins/components/config/MyMailRuConfig$PreferredQuality$5.class
   JD: Core.jar/org/jdownloader/plugins/components/config/MyMailRuConfig$PreferredQuality$6.class
   JD: Core.jar/org/jdownloader/plugins/components/config/MyMailRuConfig$PreferredQuality.class
   JD: Core.jar/org/jdownloader/plugins/components/config/MyMailRuConfig.class
   JD: Core.jar/org/jdownloader/plugins/components/config/WatchboxDeConfigInterface$TRANSLATION.class.removed
   JD: Core.jar/org/jdownloader/plugins/components/config/WatchboxDeConfigInterface.class.removed
   JD: Core.jar/org/jdownloader/plugins/components/containers/VimeoContainer$Quality.class
   JD: Core.jar/org/jdownloader/plugins/components/containers/VimeoContainer$Source.class
   JD: Core.jar/org/jdownloader/plugins/components/containers/VimeoContainer.class
   JD: Core.jar/org/jdownloader/plugins/components/google/GoogleHelper$1.class
   JD: Core.jar/org/jdownloader/plugins/components/google/GoogleHelper$2$1.class
   JD: Core.jar/org/jdownloader/plugins/components/google/GoogleHelper$2.class
   JD: Core.jar/org/jdownloader/plugins/components/google/GoogleHelper$3$1.class
   JD: Core.jar/org/jdownloader/plugins/components/google/GoogleHelper$3.class
   JD: Core.jar/org/jdownloader/plugins/components/google/GoogleHelper.class
   JD: Core.jar/org/jdownloader/plugins/components/hls/HlsContainer.class
   JD: Core.jar/org/jdownloader/plugins/components/realDebridCom/api/json/TokenResponse.class
   JD: Core.jar/org/jdownloader/plugins/components/youtube/variants/VariantInfo.class
   JD: Core.jar/org/jdownloader/plugins/config/AccountJsonConfig$1.class
   JD: Core.jar/org/jdownloader/plugins/config/AccountJsonConfig$2$1.class
   JD: Core.jar/org/jdownloader/plugins/config/AccountJsonConfig$2.class
   JD: Core.jar/org/jdownloader/plugins/config/AccountJsonConfig.class
   JD: libs/JDGUI.jar/jd/gui/swing/dialog/ProxyDialog$1.class
   JD: libs/JDGUI.jar/jd/gui/swing/dialog/ProxyDialog$2.class
   JD: libs/JDGUI.jar/jd/gui/swing/dialog/ProxyDialog$3$1.class
   JD: libs/JDGUI.jar/jd/gui/swing/dialog/ProxyDialog$3.class
   JD: libs/JDGUI.jar/jd/gui/swing/dialog/ProxyDialog$4$1.class
   JD: libs/JDGUI.jar/jd/gui/swing/dialog/ProxyDialog$4.class
   JD: libs/JDGUI.jar/jd/gui/swing/dialog/ProxyDialog$NetIfSelection.class
   JD: libs/JDGUI.jar/jd/gui/swing/dialog/ProxyDialog.class
   JD: libs/JDGUI.jar/jd/gui/swing/jdgui/views/settings/components/ProxyInput$1.class.removed
   JD: libs/JDGUI.jar/jd/gui/swing/jdgui/views/settings/components/ProxyInput$2$1.class.removed
   JD: libs/JDGUI.jar/jd/gui/swing/jdgui/views/settings/components/ProxyInput$2.class.removed
   JD: libs/JDGUI.jar/jd/gui/swing/jdgui/views/settings/components/ProxyInput$3.class.removed
   JD: libs/JDGUI.jar/jd/gui/swing/jdgui/views/settings/components/ProxyInput.class.removed
   JD: libs/JDGUI.jar/jd/gui/swing/jdgui/views/settings/panels/proxy/ProxyAutoAction$1$1.class
   JD: libs/JDGUI.jar/jd/gui/swing/jdgui/views/settings/panels/proxy/ProxyAutoAction$1.class
   JD: libs/JDGUI.jar/jd/gui/swing/jdgui/views/settings/panels/proxy/ProxyAutoAction$2.class
   JD: libs/JDGUI.jar/jd/gui/swing/jdgui/views/settings/panels/proxy/ProxyAutoAction.class
   JD: libs/JDGUI.jar/jd/gui/swing/jdgui/views/settings/panels/proxy/ProxyTableModel$1$1.class
   JD: libs/JDGUI.jar/jd/gui/swing/jdgui/views/settings/panels/proxy/ProxyTableModel$1.class
   JD: libs/JDGUI.jar/jd/gui/swing/jdgui/views/settings/panels/proxy/ProxyTableModel$2.class
   JD: libs/JDGUI.jar/jd/gui/swing/jdgui/views/settings/panels/proxy/ProxyTableModel$3.class
   JD: libs/JDGUI.jar/jd/gui/swing/jdgui/views/settings/panels/proxy/ProxyTableModel$4.class
   JD: libs/JDGUI.jar/jd/gui/swing/jdgui/views/settings/panels/proxy/ProxyTableModel$5.class
   JD: libs/JDGUI.jar/jd/gui/swing/jdgui/views/settings/panels/proxy/ProxyTableModel$6.class
   JD: libs/JDGUI.jar/jd/gui/swing/jdgui/views/settings/panels/proxy/ProxyTableModel$7$1.class
   JD: libs/JDGUI.jar/jd/gui/swing/jdgui/views/settings/panels/proxy/ProxyTableModel$7$2.class
   JD: libs/JDGUI.jar/jd/gui/swing/jdgui/views/settings/panels/proxy/ProxyTableModel$7.class
   JD: libs/JDGUI.jar/jd/gui/swing/jdgui/views/settings/panels/proxy/ProxyTableModel$8$1$1.class
   JD: libs/JDGUI.jar/jd/gui/swing/jdgui/views/settings/panels/proxy/ProxyTableModel$8$1.class
   JD: libs/JDGUI.jar/jd/gui/swing/jdgui/views/settings/panels/proxy/ProxyTableModel$8$2.class
   JD: libs/JDGUI.jar/jd/gui/swing/jdgui/views/settings/panels/proxy/ProxyTableModel$8.class
   JD: libs/JDGUI.jar/jd/gui/swing/jdgui/views/settings/panels/proxy/ProxyTableModel$9.class
   JD: libs/JDGUI.jar/jd/gui/swing/jdgui/views/settings/panels/proxy/ProxyTableModel.class
   JD: libs/JDHttp.jar/jd/http/Browser$1.class
   JD: libs/JDHttp.jar/jd/http/Browser$2.class
   JD: libs/JDHttp.jar/jd/http/Browser$BrowserException.class
   JD: libs/JDHttp.jar/jd/http/Browser.class
   JD: libs/JDHttp.jar/jd/http/Cookies.class
   JD: libs/JDHttp.jar/jd/http/HTTPConnectionFactory$1.class
   JD: libs/JDHttp.jar/jd/http/HTTPConnectionFactory.class
   JD: libs/JDHttp.jar/jd/http/SocketConnectionFactory$1.class
   JD: libs/JDHttp.jar/jd/http/SocketConnectionFactory.class
   JD: libs/cons.jar/org/jdownloader/container/Config$1$1.class
   JD: libs/cons.jar/org/jdownloader/container/Config$1.class
   JD: libs/cons.jar/org/jdownloader/container/Config$2.class
   JD: libs/cons.jar/org/jdownloader/container/Config.class
   libs/JDGUI.jar
   libs/JDHttp.jar
   libs/cons.jar
   themes/standard/org/jdownloader/images/banner/ddownload.com_en.png
   themes/standard/org/jdownloader/images/banner/share-online.biz_en.png.removed
